2026-06-26T21:36:11.844+0800	info	cmd/main.go:103	Logger initialized	{"level": "info", "file": "logs/gateway.edgex.log"}
2026-06-26T21:36:11.845+0800	info	cmd/main.go:104	Build info	{"version": "dev", "build_time": "unknown", "commit_id": "unknown"}
2026-06-26T21:36:11.845+0800	info	cmd/main.go:113	Node ID generated	{"nodeID": "NODE-ADMINISTRATORDEMACBOOK_PRO.LOCAL"}
2026-06-26T21:36:11.845+0800	info	cmd/main.go:115	Data directory ready	{"path": "data"}
2026-06-26T21:36:11.845+0800	info	cmd/main.go:125	Initializing data pipeline...
2026-06-26T21:36:11.845+0800	info	cmd/main.go:127	Data pipeline initialized
2026-06-26T21:36:11.845+0800	info	cmd/main.go:136	Initializing Edge Compute Manager...
2026-06-26T21:36:11.845+0800	info	cmd/main.go:144	Edge Compute Manager started
2026-06-26T21:36:11.845+0800	info	cmd/main.go:147	Initializing Channel Manager...
2026-06-26T21:36:11.846+0800	info	cmd/main.go:172	Initializing Northbound Manager...
2026-06-26T21:36:11.846+0800	info	cmd/main.go:201	Core components initialized
2026-06-26T21:36:11.846+0800	info	cmd/main.go:218	Sync Manager disabled (set system.sync.enabled=true to enable)
2026-06-26T21:36:11.846+0800	info	cmd/main.go:222	Initializing Web Server...
2026-06-26T21:36:11.847+0800	info	cmd/main.go:265	Web Server initialized
2026-06-26T21:36:11.847+0800	info	cmd/main.go:276	Web server starting	{"addr": ":8080"}
2026-06-26T21:36:11.848+0800	info	cmd/main.go:299	All channels initialization completed
2026-06-26T21:36:11.848+0800	info	cmd/main.go:303	Northbound manager started
2026-06-26T21:40:32.096+0800	info	cmd/main.go:103	Logger initialized	{"level": "info", "file": "logs/gateway.edgex.log"}
2026-06-26T21:40:32.096+0800	info	cmd/main.go:104	Build info	{"version": "dev", "build_time": "unknown", "commit_id": "unknown"}
2026-06-26T21:40:32.096+0800	info	cmd/main.go:113	Node ID generated	{"nodeID": "NODE-ADMINISTRATORDEMACBOOK_PRO.LOCAL"}
2026-06-26T21:40:32.096+0800	info	cmd/main.go:115	Data directory ready	{"path": "data"}
2026-06-26T21:40:32.096+0800	info	cmd/main.go:125	Initializing data pipeline...
2026-06-26T21:40:32.096+0800	info	cmd/main.go:127	Data pipeline initialized
2026-06-26T21:40:32.097+0800	info	cmd/main.go:136	Initializing Edge Compute Manager...
2026-06-26T21:40:32.097+0800	info	cmd/main.go:144	Edge Compute Manager started
2026-06-26T21:40:32.097+0800	info	cmd/main.go:147	Initializing Channel Manager...
2026-06-26T21:40:32.097+0800	info	cmd/main.go:172	Initializing Northbound Manager...
2026-06-26T21:40:32.097+0800	info	cmd/main.go:201	Core components initialized
2026-06-26T21:40:32.097+0800	info	cmd/main.go:218	Sync Manager disabled (set system.sync.enabled=true to enable)
2026-06-26T21:40:32.097+0800	info	cmd/main.go:222	Initializing Web Server...
2026-06-26T21:40:32.098+0800	info	cmd/main.go:265	Web Server initialized
2026-06-26T21:40:32.098+0800	info	cmd/main.go:299	All channels initialization completed
2026-06-26T21:40:32.098+0800	info	cmd/main.go:303	Northbound manager started
2026-06-26T21:40:32.098+0800	info	cmd/main.go:276	Web server starting	{"addr": ":8080"}
2026-06-26T21:41:18.811+0800	info	core/shadow_core.go:120	[ShadowCore] Started (memory-only)
2026-06-26T21:41:18.812+0800	info	cmd/main.go:262	ShadowCore initialized after install
2026-06-26T21:57:39.232+0800	info	modbus/modbus_executor.go:125	[ModbusExecutor] 初始化完成	{"channelID": "cg85dqveijgh1hqc", "protocol": "", "slaveID": 1}
2026-06-26T21:57:39.364+0800	info	driver/connection_manager.go:118	[ConnMgr] Connection state changed	{"driver": "modbus", "from": "Disconnected", "to": "Connecting"}
2026-06-26T21:57:39.364+0800	warn	modbus/transport.go:351	[Modbus] Open TCP connection failed	{"error": "dial tcp 127.0.0.1:502: connect: connection refused"}
2026-06-26T21:57:39.365+0800	warn	modbus/transport.go:351	[Modbus] Open TCP connection failed	{"error": "dial tcp 127.0.0.1:502: connect: connection refused"}
2026-06-26T21:57:39.365+0800	warn	modbus/transport.go:351	[Modbus] Open TCP connection failed	{"error": "dial tcp 127.0.0.1:502: connect: connection refused"}
2026-06-26T21:57:39.367+0800	error	driver/connection_manager.go:191	[ConnMgr] Entering coolDown	{"driver": "modbus", "retryCount": 3, "maxRetries": 3, "coolDownDuration": 60, "coolDownAttempts": 1}
2026-06-26T21:57:39.367+0800	error	core/channel_manager.go:523	Failed to connect driver for channel	{"channel": "1", "error": "Modbus connection failed, entering coolDown: dial tcp 127.0.0.1:502: connect: connection refused"}
2026-06-26T22:03:27.826+0800	info	core/scan_engine.go:582	[ScanEngine] 添加任务	{"taskID": "task_0_modbus-slave-1_normal", "deviceKey": "modbus-slave-1", "scanClass": "normal", "protocol": "modbus-tcp", "interval": 1, "priority": 5, "pointsCount": 200}
2026-06-26T22:03:27.826+0800	info	core/scan_engine_compat.go:112	[ScanEngineAdapter] 设备已注册	{"deviceID": "modbus-slave-1", "protocol": "modbus-tcp", "interval": 1, "priority": 5, "pointCount": 200, "scanClassGroups": 1}
2026-06-26T22:03:27.827+0800	info	core/scan_engine.go:582	[ScanEngine] 添加任务	{"taskID": "task_1_modbus-slave-2_normal", "deviceKey": "modbus-slave-2", "scanClass": "normal", "protocol": "modbus-tcp", "interval": 1, "priority": 5, "pointsCount": 200}
2026-06-26T22:03:27.827+0800	info	core/scan_engine_compat.go:112	[ScanEngineAdapter] 设备已注册	{"deviceID": "modbus-slave-2", "protocol": "modbus-tcp", "interval": 1, "priority": 5, "pointCount": 200, "scanClassGroups": 1}
2026-06-26T22:03:27.827+0800	info	core/scan_engine.go:582	[ScanEngine] 添加任务	{"taskID": "task_2_modbus-slave-3_normal", "deviceKey": "modbus-slave-3", "scanClass": "normal", "protocol": "modbus-tcp", "interval": 1, "priority": 5, "pointsCount": 200}
2026-06-26T22:03:27.827+0800	info	core/scan_engine_compat.go:112	[ScanEngineAdapter] 设备已注册	{"deviceID": "modbus-slave-3", "protocol": "modbus-tcp", "interval": 1, "priority": 5, "pointCount": 200, "scanClassGroups": 1}
2026-06-26T22:03:27.840+0800	info	core/scan_engine.go:582	[ScanEngine] 添加任务	{"taskID": "task_3_modbus-slave-4_normal", "deviceKey": "modbus-slave-4", "scanClass": "normal", "protocol": "modbus-tcp", "interval": 1, "priority": 5, "pointsCount": 200}
2026-06-26T22:03:27.840+0800	info	core/scan_engine_compat.go:112	[ScanEngineAdapter] 设备已注册	{"deviceID": "modbus-slave-4", "protocol": "modbus-tcp", "interval": 1, "priority": 5, "pointCount": 200, "scanClassGroups": 1}
2026-06-26T22:03:27.841+0800	info	core/scan_engine.go:582	[ScanEngine] 添加任务	{"taskID": "task_4_modbus-slave-5_normal", "deviceKey": "modbus-slave-5", "scanClass": "normal", "protocol": "modbus-tcp", "interval": 1, "priority": 5, "pointsCount": 200}
2026-06-26T22:03:27.841+0800	info	core/scan_engine_compat.go:112	[ScanEngineAdapter] 设备已注册	{"deviceID": "modbus-slave-5", "protocol": "modbus-tcp", "interval": 1, "priority": 5, "pointCount": 200, "scanClassGroups": 1}
2026-06-26T22:03:27.843+0800	info	core/scan_engine.go:582	[ScanEngine] 添加任务	{"taskID": "task_5_modbus-slave-6_normal", "deviceKey": "modbus-slave-6", "scanClass": "normal", "protocol": "modbus-tcp", "interval": 1, "priority": 5, "pointsCount": 200}
2026-06-26T22:03:27.852+0800	info	core/scan_engine_compat.go:112	[ScanEngineAdapter] 设备已注册	{"deviceID": "modbus-slave-6", "protocol": "modbus-tcp", "interval": 1, "priority": 5, "pointCount": 200, "scanClassGroups": 1}
2026-06-26T22:03:27.855+0800	info	core/scan_engine.go:582	[ScanEngine] 添加任务	{"taskID": "task_6_modbus-slave-7_normal", "deviceKey": "modbus-slave-7", "scanClass": "normal", "protocol": "modbus-tcp", "interval": 1, "priority": 5, "pointsCount": 200}
2026-06-26T22:03:27.855+0800	info	core/scan_engine_compat.go:112	[ScanEngineAdapter] 设备已注册	{"deviceID": "modbus-slave-7", "protocol": "modbus-tcp", "interval": 1, "priority": 5, "pointCount": 200, "scanClassGroups": 1}
2026-06-26T22:03:28.052+0800	info	core/worker_pool.go:77	[WorkerPool] Worker池已启动	{"workerCount": 32, "maxQueueSize": 1000}
2026-06-26T22:03:28.052+0800	info	core/scan_engine.go:207	[ScanEngine] 调度引擎已启动	{"tickInterval": "10ms", "workerCount": 32, "maxQueueSize": 10000, "antiStarvationSec": 300, "goroutineLimit": 2048, "connectionLimit": 500}
2026-06-26T22:03:28.052+0800	info	core/scan_engine_compat.go:151	[ScanEngineAdapter] 适配器已启动
2026-06-26T22:06:18.882+0800	info	cmd/main.go:103	Logger initialized	{"level": "info", "file": "logs/gateway.edgex.log"}
2026-06-26T22:06:18.882+0800	info	cmd/main.go:104	Build info	{"version": "dev", "build_time": "unknown", "commit_id": "unknown"}
2026-06-26T22:06:18.883+0800	info	cmd/main.go:113	Node ID generated	{"nodeID": "NODE-ADMINISTRATORDEMACBOOK_PRO.LOCAL"}
2026-06-26T22:06:18.883+0800	info	cmd/main.go:115	Data directory ready	{"path": "data"}
2026-06-26T22:06:18.883+0800	info	cmd/main.go:125	Initializing data pipeline...
2026-06-26T22:06:18.883+0800	info	cmd/main.go:127	Data pipeline initialized
2026-06-26T22:06:18.883+0800	info	cmd/main.go:136	Initializing Edge Compute Manager...
2026-06-26T22:06:18.883+0800	info	cmd/main.go:144	Edge Compute Manager started
2026-06-26T22:06:18.883+0800	info	cmd/main.go:147	Initializing Channel Manager...
2026-06-26T22:06:18.884+0800	info	core/shadow_core.go:120	[ShadowCore] Started (memory-only)
2026-06-26T22:06:18.884+0800	info	cmd/main.go:168	ShadowCore and VirtualShadowEngine initialized
2026-06-26T22:06:18.884+0800	info	cmd/main.go:172	Initializing Northbound Manager...
2026-06-26T22:06:18.884+0800	info	cmd/main.go:201	Core components initialized
2026-06-26T22:06:18.884+0800	info	cmd/main.go:218	Sync Manager disabled (set system.sync.enabled=true to enable)
2026-06-26T22:06:18.884+0800	info	cmd/main.go:222	Initializing Web Server...
2026-06-26T22:06:18.911+0800	info	cmd/main.go:265	Web Server initialized
2026-06-26T22:06:18.912+0800	info	modbus/modbus_executor.go:125	[ModbusExecutor] 初始化完成	{"channelID": "cg85dqveijgh1hqc", "protocol": "", "slaveID": 1}
2026-06-26T22:06:18.912+0800	info	cmd/main.go:276	Web server starting	{"addr": ":8080"}
2026-06-26T22:06:19.000+0800	info	driver/connection_manager.go:118	[ConnMgr] Connection state changed	{"driver": "modbus", "from": "Disconnected", "to": "Connecting"}
2026-06-26T22:06:19.001+0800	warn	modbus/transport.go:351	[Modbus] Open TCP connection failed	{"error": "dial tcp 127.0.0.1:502: connect: connection refused"}
2026-06-26T22:06:19.002+0800	warn	modbus/transport.go:351	[Modbus] Open TCP connection failed	{"error": "dial tcp 127.0.0.1:502: connect: connection refused"}
2026-06-26T22:06:19.002+0800	warn	modbus/transport.go:351	[Modbus] Open TCP connection failed	{"error": "dial tcp 127.0.0.1:502: connect: connection refused"}
2026-06-26T22:06:19.002+0800	error	driver/connection_manager.go:191	[ConnMgr] Entering coolDown	{"driver": "modbus", "retryCount": 3, "maxRetries": 3, "coolDownDuration": 60, "coolDownAttempts": 1}
2026-06-26T22:06:19.002+0800	error	core/channel_manager.go:523	Failed to connect driver for channel	{"channel": "1", "error": "Modbus connection failed, entering coolDown: dial tcp 127.0.0.1:502: connect: connection refused"}
2026-06-26T22:06:19.003+0800	error	cmd/main.go:296	Failed to start channel	{"channel": "1", "error": "Modbus connection failed, entering coolDown: dial tcp 127.0.0.1:502: connect: connection refused"}
2026-06-26T22:06:19.003+0800	info	cmd/main.go:299	All channels initialization completed
2026-06-26T22:06:19.004+0800	info	cmd/main.go:303	Northbound manager started
2026-06-26T22:11:39.011+0800	info	driver/connection_manager.go:118	[ConnMgr] Connection state changed	{"driver": "modbus", "from": "Dead", "to": "Connecting"}
2026-06-26T22:11:39.011+0800	warn	modbus/transport.go:351	[Modbus] Open TCP connection failed	{"error": "dial tcp 127.0.0.1:502: connect: connection refused"}
2026-06-26T22:11:39.011+0800	error	driver/connection_manager.go:191	[ConnMgr] Entering coolDown	{"driver": "modbus", "retryCount": 4, "maxRetries": 3, "coolDownDuration": 120, "coolDownAttempts": 2}
2026-06-26T22:11:39.011+0800	warn	core/channel_manager.go:824	Failed to read points for device	{"device_id": "modbus-slave-1", "error": "Modbus connection failed, entering coolDown: dial tcp 127.0.0.1:502: connect: connection refused"}
2026-06-26T22:16:54.699+0800	info	driver/connection_manager.go:118	[ConnMgr] Connection state changed	{"driver": "modbus", "from": "Dead", "to": "Connecting"}
2026-06-26T22:16:54.700+0800	warn	modbus/transport.go:351	[Modbus] Open TCP connection failed	{"error": "dial tcp 127.0.0.1:502: connect: connection refused"}
2026-06-26T22:16:54.701+0800	error	driver/connection_manager.go:191	[ConnMgr] Entering coolDown	{"driver": "modbus", "retryCount": 5, "maxRetries": 3, "coolDownDuration": 240, "coolDownAttempts": 3}
2026-06-26T22:16:54.701+0800	warn	core/channel_manager.go:824	Failed to read points for device	{"device_id": "modbus-slave-1", "error": "Modbus connection failed, entering coolDown: dial tcp 127.0.0.1:502: connect: connection refused"}
2026-06-26T22:16:59.642+0800	info	driver/connection_manager.go:118	[ConnMgr] Connection state changed	{"driver": "modbus", "from": "Dead", "to": "Connecting"}
2026-06-26T22:16:59.643+0800	warn	modbus/transport.go:351	[Modbus] Open TCP connection failed	{"error": "dial tcp 127.0.0.1:502: connect: connection refused"}
2026-06-26T22:16:59.643+0800	error	driver/connection_manager.go:191	[ConnMgr] Entering coolDown	{"driver": "modbus", "retryCount": 6, "maxRetries": 3, "coolDownDuration": 480, "coolDownAttempts": 4}
2026-06-26T22:16:59.643+0800	warn	core/channel_manager.go:824	Failed to read points for device	{"device_id": "modbus-slave-1", "error": "Modbus connection failed, entering coolDown: dial tcp 127.0.0.1:502: connect: connection refused"}
2026-06-26T22:20:06.495+0800	info	driver/connection_manager.go:118	[ConnMgr] Connection state changed	{"driver": "modbus", "from": "Dead", "to": "Connecting"}
2026-06-26T22:20:06.495+0800	warn	modbus/transport.go:351	[Modbus] Open TCP connection failed	{"error": "dial tcp 127.0.0.1:502: connect: connection refused"}
2026-06-26T22:20:06.495+0800	error	driver/connection_manager.go:191	[ConnMgr] Entering coolDown	{"driver": "modbus", "retryCount": 7, "maxRetries": 3, "coolDownDuration": 3600, "coolDownAttempts": 5}
2026-06-26T22:20:06.495+0800	warn	core/channel_manager.go:824	Failed to read points for device	{"device_id": "modbus-slave-1", "error": "Modbus connection failed, entering coolDown: dial tcp 127.0.0.1:502: connect: connection refused"}
2026-06-26T22:20:33.742+0800	info	driver/connection_manager.go:118	[ConnMgr] Connection state changed	{"driver": "modbus", "from": "Dead", "to": "Connecting"}
2026-06-26T22:20:33.743+0800	warn	modbus/transport.go:351	[Modbus] Open TCP connection failed	{"error": "dial tcp 127.0.0.1:502: connect: connection refused"}
2026-06-26T22:20:33.743+0800	error	driver/connection_manager.go:191	[ConnMgr] Entering coolDown	{"driver": "modbus", "retryCount": 8, "maxRetries": 3, "coolDownDuration": 3600, "coolDownAttempts": 6}
2026-06-26T22:20:33.743+0800	warn	core/channel_manager.go:824	Failed to read points for device	{"device_id": "modbus-slave-1", "error": "Modbus connection failed, entering coolDown: dial tcp 127.0.0.1:502: connect: connection refused"}
2026-06-26T22:22:15.553+0800	info	driver/connection_manager.go:118	[ConnMgr] Connection state changed	{"driver": "modbus", "from": "Dead", "to": "Connecting"}
2026-06-26T22:22:15.554+0800	warn	modbus/transport.go:351	[Modbus] Open TCP connection failed	{"error": "dial tcp 127.0.0.1:502: connect: connection refused"}
2026-06-26T22:22:15.554+0800	error	driver/connection_manager.go:191	[ConnMgr] Entering coolDown	{"driver": "modbus", "retryCount": 9, "maxRetries": 3, "coolDownDuration": 3600, "coolDownAttempts": 7}
2026-06-26T22:22:15.554+0800	warn	core/channel_manager.go:824	Failed to read points for device	{"device_id": "modbus-slave-1", "error": "Modbus connection failed, entering coolDown: dial tcp 127.0.0.1:502: connect: connection refused"}
2026-06-26T22:25:52.836+0800	info	driver/connection_manager.go:118	[ConnMgr] Connection state changed	{"driver": "modbus", "from": "Dead", "to": "Connecting"}
2026-06-26T22:25:52.837+0800	warn	modbus/transport.go:351	[Modbus] Open TCP connection failed	{"error": "dial tcp 127.0.0.1:502: connect: connection refused"}
2026-06-26T22:25:52.837+0800	error	driver/connection_manager.go:191	[ConnMgr] Entering coolDown	{"driver": "modbus", "retryCount": 10, "maxRetries": 3, "coolDownDuration": 3600, "coolDownAttempts": 8}
2026-06-26T22:25:52.837+0800	warn	core/channel_manager.go:824	Failed to read points for device	{"device_id": "modbus-slave-1", "error": "Modbus connection failed, entering coolDown: dial tcp 127.0.0.1:502: connect: connection refused"}
2026-06-26T22:29:17.690+0800	info	driver/connection_manager.go:118	[ConnMgr] Connection state changed	{"driver": "modbus", "from": "Dead", "to": "Connecting"}
2026-06-26T22:29:17.691+0800	warn	modbus/transport.go:351	[Modbus] Open TCP connection failed	{"error": "dial tcp 127.0.0.1:502: connect: connection refused"}
2026-06-26T22:29:17.691+0800	error	driver/connection_manager.go:191	[ConnMgr] Entering coolDown	{"driver": "modbus", "retryCount": 11, "maxRetries": 3, "coolDownDuration": 3600, "coolDownAttempts": 9}
2026-06-26T22:29:17.691+0800	warn	core/channel_manager.go:824	Failed to read points for device	{"device_id": "modbus-slave-1", "error": "Modbus connection failed, entering coolDown: dial tcp 127.0.0.1:502: connect: connection refused"}
2026-06-26T22:32:07.114+0800	info	driver/connection_manager.go:118	[ConnMgr] Connection state changed	{"driver": "modbus", "from": "Dead", "to": "Connecting"}
2026-06-26T22:32:07.116+0800	warn	modbus/transport.go:351	[Modbus] Open TCP connection failed	{"error": "dial tcp 127.0.0.1:502: connect: connection refused"}
2026-06-26T22:32:07.116+0800	error	driver/connection_manager.go:191	[ConnMgr] Entering coolDown	{"driver": "modbus", "retryCount": 12, "maxRetries": 3, "coolDownDuration": 3600, "coolDownAttempts": 10}
2026-06-26T22:32:07.116+0800	warn	core/channel_manager.go:824	Failed to read points for device	{"device_id": "modbus-slave-1", "error": "Modbus connection failed, entering coolDown: dial tcp 127.0.0.1:502: connect: connection refused"}
2026-06-26T22:37:03.258+0800	info	driver/connection_manager.go:118	[ConnMgr] Connection state changed	{"driver": "modbus", "from": "Dead", "to": "Connecting"}
2026-06-26T22:37:03.261+0800	warn	modbus/transport.go:351	[Modbus] Open TCP connection failed	{"error": "dial tcp 127.0.0.1:502: connect: connection refused"}
2026-06-26T22:37:03.262+0800	error	driver/connection_manager.go:191	[ConnMgr] Entering coolDown	{"driver": "modbus", "retryCount": 13, "maxRetries": 3, "coolDownDuration": 3600, "coolDownAttempts": 11}
2026-06-26T22:37:03.262+0800	warn	core/channel_manager.go:824	Failed to read points for device	{"device_id": "modbus-slave-2", "error": "Modbus connection failed, entering coolDown: dial tcp 127.0.0.1:502: connect: connection refused"}
2026-06-26T22:40:43.189+0800	info	driver/connection_manager.go:118	[ConnMgr] Connection state changed	{"driver": "modbus", "from": "Dead", "to": "Connecting"}
2026-06-26T22:40:43.189+0800	warn	modbus/transport.go:351	[Modbus] Open TCP connection failed	{"error": "dial tcp 127.0.0.1:502: connect: connection refused"}
2026-06-26T22:40:43.189+0800	error	driver/connection_manager.go:191	[ConnMgr] Entering coolDown	{"driver": "modbus", "retryCount": 14, "maxRetries": 3, "coolDownDuration": 3600, "coolDownAttempts": 12}
2026-06-26T22:40:43.190+0800	warn	core/channel_manager.go:824	Failed to read points for device	{"device_id": "modbus-slave-1", "error": "Modbus connection failed, entering coolDown: dial tcp 127.0.0.1:502: connect: connection refused"}
2026-06-26T22:41:39.748+0800	info	core/virtual_shadow_engine.go:72	[VirtualShadowEngine] Created virtual device: v1 with 3 dependencies
2026-06-26T22:41:39.749+0800	info	core/virtual_shadow_engine.go:178	[VirtualShadowEngine] Source not ready for v1.hr_0 (ref=cg85dqveijgh1hqc.modbus-slave-1.hr_0)
2026-06-26T22:41:39.749+0800	info	core/virtual_shadow_engine.go:178	[VirtualShadowEngine] Source not ready for v1.hr_1 (ref=cg85dqveijgh1hqc.modbus-slave-1.hr_1)
2026-06-26T22:41:39.749+0800	info	core/virtual_shadow_engine.go:178	[VirtualShadowEngine] Source not ready for v1.hr_2 (ref=cg85dqveijgh1hqc.modbus-slave-1.hr_2)
2026-06-26T22:41:40.500+0800	info	core/virtual_shadow_engine.go:178	[VirtualShadowEngine] Source not ready for v1.hr_0 (ref=cg85dqveijgh1hqc.modbus-slave-1.hr_0)
2026-06-26T22:41:40.500+0800	info	core/virtual_shadow_engine.go:178	[VirtualShadowEngine] Source not ready for v1.hr_1 (ref=cg85dqveijgh1hqc.modbus-slave-1.hr_1)
2026-06-26T22:41:40.500+0800	info	core/virtual_shadow_engine.go:178	[VirtualShadowEngine] Source not ready for v1.hr_2 (ref=cg85dqveijgh1hqc.modbus-slave-1.hr_2)
2026-06-26T22:42:59.221+0800	info	core/virtual_shadow_engine.go:178	[VirtualShadowEngine] Source not ready for v1.hr_1 (ref=cg85dqveijgh1hqc.modbus-slave-1.hr_1)
2026-06-26T22:42:59.221+0800	info	core/virtual_shadow_engine.go:178	[VirtualShadowEngine] Source not ready for v1.hr_2 (ref=cg85dqveijgh1hqc.modbus-slave-1.hr_2)
2026-06-26T22:42:59.221+0800	info	core/virtual_shadow_engine.go:178	[VirtualShadowEngine] Source not ready for v1.hr_0 (ref=cg85dqveijgh1hqc.modbus-slave-1.hr_0)
2026-06-26T23:07:24.020+0800	info	core/virtual_shadow_engine.go:178	[VirtualShadowEngine] Source not ready for v1.hr_0 (ref=cg85dqveijgh1hqc.modbus-slave-1.hr_0)
2026-06-26T23:07:24.030+0800	info	core/virtual_shadow_engine.go:178	[VirtualShadowEngine] Source not ready for v1.hr_1 (ref=cg85dqveijgh1hqc.modbus-slave-1.hr_1)
2026-06-26T23:07:24.030+0800	info	core/virtual_shadow_engine.go:178	[VirtualShadowEngine] Source not ready for v1.hr_2 (ref=cg85dqveijgh1hqc.modbus-slave-1.hr_2)
2026-06-26T23:10:50.425+0800	info	core/virtual_shadow_engine.go:178	[VirtualShadowEngine] Source not ready for v1.hr_0 (ref=cg85dqveijgh1hqc.modbus-slave-1.hr_0)
2026-06-26T23:10:50.425+0800	info	core/virtual_shadow_engine.go:178	[VirtualShadowEngine] Source not ready for v1.hr_1 (ref=cg85dqveijgh1hqc.modbus-slave-1.hr_1)
2026-06-26T23:10:50.425+0800	info	core/virtual_shadow_engine.go:178	[VirtualShadowEngine] Source not ready for v1.hr_2 (ref=cg85dqveijgh1hqc.modbus-slave-1.hr_2)
2026-06-26T23:22:47.909+0800	info	core/virtual_shadow_engine.go:178	[VirtualShadowEngine] Source not ready for v1.hr_2 (ref=cg85dqveijgh1hqc.modbus-slave-1.hr_2)
2026-06-26T23:22:47.909+0800	info	core/virtual_shadow_engine.go:178	[VirtualShadowEngine] Source not ready for v1.hr_0 (ref=cg85dqveijgh1hqc.modbus-slave-1.hr_0)
2026-06-26T23:22:47.909+0800	info	core/virtual_shadow_engine.go:178	[VirtualShadowEngine] Source not ready for v1.hr_1 (ref=cg85dqveijgh1hqc.modbus-slave-1.hr_1)
2026-06-26T23:27:37.156+0800	info	core/virtual_shadow_engine.go:178	[VirtualShadowEngine] Source not ready for v1.hr_0 (ref=cg85dqveijgh1hqc.modbus-slave-1.hr_0)
2026-06-26T23:27:37.156+0800	info	core/virtual_shadow_engine.go:178	[VirtualShadowEngine] Source not ready for v1.hr_1 (ref=cg85dqveijgh1hqc.modbus-slave-1.hr_1)
2026-06-26T23:27:37.156+0800	info	core/virtual_shadow_engine.go:178	[VirtualShadowEngine] Source not ready for v1.hr_2 (ref=cg85dqveijgh1hqc.modbus-slave-1.hr_2)
2026-06-26T23:29:39.383+0800	info	core/virtual_shadow_engine.go:178	[VirtualShadowEngine] Source not ready for v1.hr_0 (ref=cg85dqveijgh1hqc.modbus-slave-1.hr_0)
2026-06-26T23:29:39.383+0800	info	core/virtual_shadow_engine.go:178	[VirtualShadowEngine] Source not ready for v1.hr_1 (ref=cg85dqveijgh1hqc.modbus-slave-1.hr_1)
2026-06-26T23:29:39.383+0800	info	core/virtual_shadow_engine.go:178	[VirtualShadowEngine] Source not ready for v1.hr_2 (ref=cg85dqveijgh1hqc.modbus-slave-1.hr_2)
2026-06-26T23:29:56.700+0800	info	core/virtual_shadow_engine.go:178	[VirtualShadowEngine] Source not ready for v1.hr_0 (ref=cg85dqveijgh1hqc.modbus-slave-1.hr_0)
2026-06-26T23:29:56.700+0800	info	core/virtual_shadow_engine.go:178	[VirtualShadowEngine] Source not ready for v1.hr_1 (ref=cg85dqveijgh1hqc.modbus-slave-1.hr_1)
2026-06-26T23:29:56.700+0800	info	core/virtual_shadow_engine.go:178	[VirtualShadowEngine] Source not ready for v1.hr_2 (ref=cg85dqveijgh1hqc.modbus-slave-1.hr_2)
2026-06-27T14:22:32.950+0800	info	cmd/main.go:103	Logger initialized	{"level": "info", "file": "logs/gateway.edgex.log"}
2026-06-27T14:22:32.950+0800	info	cmd/main.go:104	Build info	{"version": "dev", "build_time": "unknown", "commit_id": "unknown"}
2026-06-27T14:22:32.950+0800	info	cmd/main.go:113	Node ID generated	{"nodeID": "NODE-ADMINISTRATORDEMACBOOK_PRO.LOCAL"}
2026-06-27T14:22:32.950+0800	info	cmd/main.go:115	Data directory ready	{"path": "data"}
2026-06-27T14:22:32.950+0800	info	cmd/main.go:125	Initializing data pipeline...
2026-06-27T14:22:32.950+0800	info	cmd/main.go:127	Data pipeline initialized
2026-06-27T14:22:32.950+0800	info	cmd/main.go:136	Initializing Edge Compute Manager...
2026-06-27T14:22:32.951+0800	info	cmd/main.go:144	Edge Compute Manager started
2026-06-27T14:22:32.951+0800	info	cmd/main.go:147	Initializing Channel Manager...
2026-06-27T14:22:32.951+0800	info	core/shadow_core.go:120	[ShadowCore] Started (memory-only)
2026-06-27T14:22:32.951+0800	info	cmd/main.go:168	ShadowCore and VirtualShadowEngine initialized
2026-06-27T14:22:32.952+0800	info	cmd/main.go:172	Initializing Northbound Manager...
2026-06-27T14:22:32.952+0800	info	cmd/main.go:201	Core components initialized
2026-06-27T14:22:32.952+0800	info	cmd/main.go:218	Sync Manager disabled (set system.sync.enabled=true to enable)
2026-06-27T14:22:32.952+0800	info	cmd/main.go:222	Initializing Web Server...
2026-06-27T14:22:32.972+0800	info	core/virtual_shadow_engine.go:72	[VirtualShadowEngine] Created virtual device: v1 with 3 dependencies
2026-06-27T14:22:32.972+0800	info	cmd/main.go:265	Web Server initialized
2026-06-27T14:22:32.973+0800	info	core/virtual_shadow_engine.go:178	[VirtualShadowEngine] Source not ready for v1.hr_0 (ref=cg85dqveijgh1hqc.modbus-slave-1.hr_0)
2026-06-27T14:22:32.973+0800	info	core/virtual_shadow_engine.go:178	[VirtualShadowEngine] Source not ready for v1.hr_1 (ref=cg85dqveijgh1hqc.modbus-slave-1.hr_1)
2026-06-27T14:22:32.973+0800	info	cmd/main.go:276	Web server starting	{"addr": ":8080"}
2026-06-27T14:22:32.973+0800	info	core/virtual_shadow_engine.go:178	[VirtualShadowEngine] Source not ready for v1.hr_2 (ref=cg85dqveijgh1hqc.modbus-slave-1.hr_2)
2026-06-27T14:22:32.973+0800	info	modbus/modbus_executor.go:125	[ModbusExecutor] 初始化完成	{"channelID": "cg85dqveijgh1hqc", "protocol": "", "slaveID": 1}
2026-06-27T14:22:33.033+0800	info	driver/connection_manager.go:118	[ConnMgr] Connection state changed	{"driver": "modbus", "from": "Disconnected", "to": "Connecting"}
2026-06-27T14:22:33.033+0800	info	core/virtual_shadow_engine.go:330	[VirtualShadowEngine] Deleted virtual device: v1
2026-06-27T14:22:33.033+0800	info	core/virtual_shadow_engine.go:72	[VirtualShadowEngine] Created virtual device: v1 with 3 dependencies
2026-06-27T14:22:33.033+0800	info	core/virtual_shadow_engine.go:178	[VirtualShadowEngine] Source not ready for v1.hr_0 (ref=cg85dqveijgh1hqc.modbus-slave-1.hr_0)
2026-06-27T14:22:33.034+0800	info	core/virtual_shadow_engine.go:178	[VirtualShadowEngine] Source not ready for v1.hr_1 (ref=cg85dqveijgh1hqc.modbus-slave-1.hr_1)
2026-06-27T14:22:33.034+0800	info	core/virtual_shadow_engine.go:178	[VirtualShadowEngine] Source not ready for v1.hr_2 (ref=cg85dqveijgh1hqc.modbus-slave-1.hr_2)
2026-06-27T14:22:33.034+0800	warn	modbus/transport.go:351	[Modbus] Open TCP connection failed	{"error": "dial tcp 127.0.0.1:502: connect: connection refused"}
2026-06-27T14:22:33.034+0800	warn	modbus/transport.go:351	[Modbus] Open TCP connection failed	{"error": "dial tcp 127.0.0.1:502: connect: connection refused"}
2026-06-27T14:22:33.035+0800	warn	modbus/transport.go:351	[Modbus] Open TCP connection failed	{"error": "dial tcp 127.0.0.1:502: connect: connection refused"}
2026-06-27T14:22:33.044+0800	error	driver/connection_manager.go:191	[ConnMgr] Entering coolDown	{"driver": "modbus", "retryCount": 3, "maxRetries": 3, "coolDownDuration": 60, "coolDownAttempts": 1}
2026-06-27T14:22:33.044+0800	error	core/channel_manager.go:532	Failed to connect driver for channel	{"channel": "1", "error": "Modbus connection failed, entering coolDown: dial tcp 127.0.0.1:502: connect: connection refused"}
2026-06-27T14:22:33.044+0800	error	cmd/main.go:296	Failed to start channel	{"channel": "1", "error": "Modbus connection failed, entering coolDown: dial tcp 127.0.0.1:502: connect: connection refused"}
2026-06-27T14:22:33.044+0800	info	cmd/main.go:299	All channels initialization completed
2026-06-27T14:22:33.044+0800	info	cmd/main.go:303	Northbound manager started
